
  ROTATIONAL ENERGY LEVELS FOR   c4h4n2     MOLECULE


  ROTATIONAL CONSTANTS(IN UNITS OF EV)
     AXX= 0.262150E-04  BYY= 0.250400E-04  CZZ= 0.128070E-04

  IBUG PARAMETERS
                       0   0   0   0   0


  VALUE OF THE ANGULAR MOMENTUM J= 5    IJ=1




 --------------------------------------------------------------

  J   TAU   ENERGY(EV)   MATRIX  IR     A(K,NU)
 --------------------------------------------------------------
  0
       0   0.000000E+00    E+     A  
                                        A( 0 0 )= 1.000000
                                        A( 0 1 )= 0.000000
 --------------------------------------------------------------
  1
      -1   0.378470E-04    O-    BX  
                                        A( 1 0 )= 0.000000
                                        A( 1 1 )= 1.000000
       0   0.390220E-04    O+    BY  
                                        A( 1 0 )= 1.000000
                                        A( 1 1 )= 0.000000
       1   0.512550E-04    E+    BZ  
                                        A( 0 0 )= 1.000000
                                        A( 0 1 )= 0.000000
 --------------------------------------------------------------
  2
      -2   0.102402E-03    E+     A  
                                        A( 0 0 )=-0.039592
                                        A( 0 1 )= 0.000000
                                        A( 2 0 )= 0.999216
                                        A( 2 1 )= 0.000000
      -1   0.102483E-03    E-    BZ  
                                        A( 2 0 )= 0.000000
                                        A( 2 1 )= 1.000000
       0   0.139182E-03    O-    BY  
                                        A( 1 0 )= 0.000000
                                        A( 1 1 )= 1.000000
       1   0.142707E-03    O+    BX  
                                        A( 1 0 )= 1.000000
                                        A( 1 1 )= 0.000000
       2   0.153846E-03    E+     A  
                                        A( 0 0 )= 0.999216
                                        A( 0 1 )= 0.000000
                                        A( 2 0 )= 0.039592
                                        A( 2 1 )= 0.000000
 --------------------------------------------------------------
  3
      -3   0.192093E-03    O-    BX  
                                        A( 1 0 )= 0.000000
                                        A( 1 1 )=-0.022956
                                        A( 3 0 )= 0.000000
                                        A( 3 1 )= 0.999736
      -2   0.192097E-03    O+    BY  
                                        A( 1 0 )=-0.021433
                                        A( 1 1 )= 0.000000
                                        A( 3 0 )= 0.999770
                                        A( 3 1 )= 0.000000
      -1   0.255847E-03    E+    BZ  
                                        A( 0 0 )=-0.087712
                                        A( 0 1 )= 0.000000
                                        A( 2 0 )= 0.996146
                                        A( 2 1 )= 0.000000
       0   0.256248E-03    E-     A  
                                        A( 2 0 )= 0.000000
                                        A( 2 1 )= 1.000000
       1   0.291237E-03    O-    BX  
                                        A( 1 0 )= 0.000000
                                        A( 1 1 )= 0.999736
                                        A( 3 0 )= 0.000000
                                        A( 3 1 )= 0.022956
       2   0.298283E-03    O+    BY  
                                        A( 1 0 )= 0.999770
                                        A( 1 1 )= 0.000000
                                        A( 3 0 )= 0.021433
                                        A( 3 1 )= 0.000000
       3   0.307931E-03    E+    BZ  
                                        A( 0 0 )= 0.996146
                                        A( 0 1 )= 0.000000
                                        A( 2 0 )= 0.087712
                                        A( 2 1 )= 0.000000
 --------------------------------------------------------------
  4
      -4   0.307359E-03    E+     A  
                                        A( 0 0 )= 0.000777
                                        A( 0 1 )= 0.000000
                                        A( 2 0 )=-0.148707
                                        A( 2 1 )= 0.000000
                                        A( 4 0 )= 0.988881
                                        A( 4 1 )= 0.000000
      -3   0.307359E-03    E-    BZ  
                                        A( 2 0 )= 0.000000
                                        A( 2 1 )=-0.020195
                                        A( 4 0 )= 0.000000
                                        A( 4 1 )= 0.999796
      -2   0.396941E-03    O-    BY  
                                        A( 1 0 )= 0.000000
                                        A( 1 1 )=-0.048061
                                        A( 3 0 )= 0.000000
                                        A( 3 1 )= 0.998844
      -1   0.396965E-03    O+    BX  
                                        A( 1 0 )=-0.042884
                                        A( 1 1 )= 0.000000
                                        A( 3 0 )= 0.999080
                                        A( 3 1 )= 0.000000
       0   0.460146E-03    E+     A  
                                        A( 0 0 )=-0.020234
                                        A( 0 1 )= 0.000000
                                        A( 2 0 )= 0.988676
                                        A( 2 1 )= 0.000000
                                        A( 4 0 )= 0.148692
                                        A( 4 1 )= 0.000000
       1   0.461331E-03    E-    BZ  
                                        A( 2 0 )= 0.000000
                                        A( 2 1 )= 0.999796
                                        A( 4 0 )= 0.000000
                                        A( 4 1 )= 0.020195
       2   0.494079E-03    O-    BY  
                                        A( 1 0 )= 0.000000
                                        A( 1 1 )= 0.998844
                                        A( 3 0 )= 0.000000
                                        A( 3 1 )= 0.048061
       3   0.505805E-03    O+    BX  
                                        A( 1 0 )= 0.999080
                                        A( 1 1 )= 0.000000
                                        A( 3 0 )= 0.042884
                                        A( 3 1 )= 0.000000
       4   0.513735E-03    E+     A  
                                        A( 0 0 )= 0.999795
                                        A( 0 1 )= 0.000000
                                        A( 2 0 )= 0.020125
                                        A( 2 1 )= 0.000000
                                        A( 4 0 )= 0.002241
                                        A( 4 1 )= 0.000000
 --------------------------------------------------------------
  5
      -5   0.448237E-03    O-    BX  
                                        A( 1 0 )= 0.000000
                                        A( 1 1 )= 0.000490
                                        A( 3 0 )= 0.000000
                                        A( 3 1 )=-0.080483
                                        A( 5 0 )= 0.000000
                                        A( 5 1 )= 0.996756
      -4   0.448237E-03    O+    BY  
                                        A( 1 0 )= 0.000462
                                        A( 1 1 )= 0.000000
                                        A( 3 0 )=-0.067930
                                        A( 3 1 )= 0.000000
                                        A( 5 0 )= 0.997690
                                        A( 5 1 )= 0.000000
      -3   0.563454E-03    E+    BZ  
                                        A( 0 0 )= 0.002332
                                        A( 0 1 )= 0.000000
                                        A( 2 0 )=-0.218480
                                        A( 2 1 )= 0.000000
                                        A( 4 0 )= 0.975839
                                        A( 4 1 )= 0.000000
      -2   0.563455E-03    E-     A  
                                        A( 2 0 )= 0.000000
                                        A( 2 1 )=-0.039592
                                        A( 4 0 )= 0.000000
                                        A( 4 1 )= 0.999216
      -1   0.652901E-03    O-    BX  
                                        A( 1 0 )= 0.000000
                                        A( 1 1 )=-0.019220
                                        A( 3 0 )= 0.000000
                                        A( 3 1 )= 0.996571
                                        A( 5 0 )= 0.000000
                                        A( 5 1 )= 0.080477
       0   0.652998E-03    O+    BY  
                                        A( 1 0 )=-0.019219
                                        A( 1 1 )= 0.000000
                                        A( 3 0 )= 0.997505
                                        A( 3 1 )= 0.000000
                                        A( 5 0 )= 0.067926
                                        A( 5 1 )= 0.000000
       1   0.715091E-03    E+    BZ  
                                        A( 0 0 )=-0.039774
                                        A( 0 1 )= 0.000000
                                        A( 2 0 )= 0.975049
                                        A( 2 1 )= 0.000000
                                        A( 4 0 )= 0.218399
                                        A( 4 1 )= 0.000000
       2   0.717785E-03    E-     A  
                                        A( 2 0 )= 0.000000
                                        A( 2 1 )= 0.999216
                                        A( 4 0 )= 0.000000
                                        A( 4 1 )= 0.039592
       3   0.747807E-03    O-    BX  
                                        A( 1 0 )= 0.000000
                                        A( 1 1 )= 0.999815
                                        A( 3 0 )= 0.000000
                                        A( 3 1 )= 0.019197
                                        A( 5 0 )= 0.000000
                                        A( 5 1 )= 0.001059
       4   0.765335E-03    O+    BY  
                                        A( 1 0 )= 0.999815
                                        A( 1 1 )= 0.000000
                                        A( 3 0 )= 0.019206
                                        A( 3 1 )= 0.000000
                                        A( 5 0 )= 0.000844
                                        A( 5 1 )= 0.000000
       5   0.771520E-03    E+    BZ  
                                        A( 0 0 )= 0.999206
                                        A( 0 1 )= 0.000000
                                        A( 2 0 )= 0.039322
                                        A( 2 1 )= 0.000000
                                        A( 4 0 )= 0.006416
                                        A( 4 1 )= 0.000000
 --------------------------------------------------------------
